<?xml version="1.0" encoding="UTF-8"?>
<!-- Generated by org.testng.reporters.JUnitReportReporter -->
<testsuite hostname="Keshav-PC" failures="0" tests="4" name="com.testngbasics.TestNgFeatures" time="0.006" errors="0" timestamp="2019-12-16T15:39:14 NZDT" skipped="0">
  <testcase classname="com.testngbasics.TestNgFeatures" name="RegisterPageTest" time="0.001"/>
  <testcase classname="com.testngbasics.TestNgFeatures" name="SearchPageTest" time="0.002"/>
  <testcase classname="com.testngbasics.TestNgFeatures" name="HomePageTest" time="0.001"/>
  <testcase classname="com.testngbasics.TestNgFeatures" name="LoginTest" time="0.002"/>
</testsuite> <!-- com.testngbasics.TestNgFeatures -->
