<?xml version="1.0" encoding="UTF-8"?>
<!-- Generated by org.testng.reporters.JUnitReportReporter -->
<testsuite hostname="Keshav-PC" failures="0" tests="1" name="com.testngbasics.ExceptionTimeOutTest" time="0.016" errors="0" timestamp="2019-12-16T15:39:14 NZDT" skipped="0">
  <testcase classname="com.testngbasics.ExceptionTimeOutTest" name="test1" time="0.016"/>
</testsuite> <!-- com.testngbasics.ExceptionTimeOutTest -->
