<?xml version="1.0" encoding="UTF-8"?>
<!-- Generated by org.testng.reporters.JUnitReportReporter -->
<testsuite hostname="Keshav-PC" failures="0" tests="10" name="com.testngbasics.InvocationCountTest" time="0.042" errors="0" timestamp="2019-12-16T15:39:14 NZDT" skipped="0">
  <testcase classname="com.testngbasics.InvocationCountTest" name="sum" time="0.007"/>
  <testcase classname="com.testngbasics.InvocationCountTest" name="sum" time="0.003"/>
  <testcase classname="com.testngbasics.InvocationCountTest" name="sum" time="0.003"/>
  <testcase classname="com.testngbasics.InvocationCountTest" name="sum" time="0.003"/>
  <testcase classname="com.testngbasics.InvocationCountTest" name="sum" time="0.002"/>
  <testcase classname="com.testngbasics.InvocationCountTest" name="sum" time="0.007"/>
  <testcase classname="com.testngbasics.InvocationCountTest" name="sum" time="0.007"/>
  <testcase classname="com.testngbasics.InvocationCountTest" name="sum" time="0.001"/>
  <testcase classname="com.testngbasics.InvocationCountTest" name="sum" time="0.006"/>
  <testcase classname="com.testngbasics.InvocationCountTest" name="sum" time="0.003"/>
</testsuite> <!-- com.testngbasics.InvocationCountTest -->
