<?xml version="1.0" encoding="UTF-8"?>
<!-- Generated by org.testng.reporters.JUnitReportReporter -->
<testsuite hostname="Keshav-PC" failures="0" tests="2" name="com.testngbasics.TestNgBasics" time="27.650" errors="0" timestamp="2019-12-16T15:39:14 NZDT" skipped="0">
  <testcase classname="com.testngbasics.TestNgBasics" name="googleTitleTest" time="12.039"/>
  <testcase classname="com.testngbasics.TestNgBasics" name="googlePageURL" time="15.611"/>
</testsuite> <!-- com.testngbasics.TestNgBasics -->
